[03:32:50] [Server thread/INFO]: Starting minecraft server version 1.7.2
[03:32:53] [Server thread/INFO]: Loading properties
[03:32:53] [Server thread/WARN]: server.properties does not exist
[03:32:53] [Server thread/INFO]: Generating new properties file
[03:32:53] [Server thread/INFO]: Default game type: SURVIVAL
[03:32:53] [Server thread/INFO]: Generating keypair
[03:32:53] [Server thread/INFO]: Starting Minecraft server on *:25565
[03:32:53] [Server thread/WARN]: Failed to load operators list: java.io.FileNotFoundException: .\ops.txt (The system cannot find the file specified)
[03:32:53] [Server thread/WARN]: Failed to load white-list: java.io.FileNotFoundException: .\white-list.txt (The system cannot find the file specified)
[03:32:53] [Server thread/INFO]: Preparing level "world"
[03:32:53] [Server thread/INFO]: Preparing start region for level 0
[03:32:54] [Server thread/INFO]: Preparing spawn area: 11%
[03:32:56] [Server thread/INFO]: Preparing spawn area: 25%
[03:32:57] [Server thread/INFO]: Preparing spawn area: 41%
[03:32:58] [Server thread/INFO]: Preparing spawn area: 59%
[03:32:59] [Server thread/INFO]: Preparing spawn area: 75%
[03:33:00] [Server thread/INFO]: Preparing spawn area: 92%
[03:33:00] [Server thread/INFO]: Done (7.014s)! For help, type "help" or "?"
[03:34:22] [Server thread/INFO]: GameProfile{id='null', name='ForgeDevName'} (/127.0.0.1:57258) lost connection: Disconnected
[03:34:37] [Server thread/INFO]: Stopping the server
[03:34:37] [Server thread/INFO]: Stopping server
[03:34:37] [Server thread/INFO]: Saving players
[03:34:37] [Server thread/INFO]: Saving worlds
[03:34:37] [Server thread/INFO]: Saving chunks for level 'world'/Overworld
[03:34:37] [Server thread/INFO]: Saving chunks for level 'world'/Nether
[03:34:37] [Server thread/INFO]: Saving chunks for level 'world'/The End
er: Default, FMLFileResourcePack:Forge Mod Loader, FMLFileResourcePack:Minecraft Forge, FMLFileResourcePack:Lets Mod Reboot
[03:34:07] [Client thread/INFO]: Created: 256x256 textures/items-atlas
[03:34:07] [Client thread/INFO]: Created: 512x256 textures/blocks-atlas
[03:34:08] [Sound Library Loader/INFO]: Sound engine started
[03:34:08] [MCO Availability Checker #1/ERROR]: Couldn't connect to Realms
[03:34:21] [Client thread/INFO]: Connecting to localhost, 25565
[03:35:08] [Client thread/INFO]: Stopping!
